2026-06-10T15:41:40.676+09:00  INFO 17936 --- [tko11-lms] [restartedMain] c.bold.application.tko11_lmsApplication  : Starting tko11_lmsApplication using Java 21.0.10 with PID 17936 (C:\pleiades\2026-03\workspace\tko11-lms\backend\bin\main started by yayop in C:\pleiades\2026-03\workspace\tko11-lms\backend)
2026-06-10T15:41:40.685+09:00  INFO 17936 --- [tko11-lms] [restartedMain] c.bold.application.tko11_lmsApplication  : No active profile set, falling back to 1 default profile: "default"
2026-06-10T15:41:40.809+09:00  INFO 17936 --- [tko11-lms] [restartedMain] .e.DevToolsPropertyDefaultsPostProcessor : Devtools property defaults active! Set 'spring.devtools.add-properties' to 'false' to disable
2026-06-10T15:41:40.809+09:00  INFO 17936 --- [tko11-lms] [restartedMain] .e.DevToolsPropertyDefaultsPostProcessor : For additional web related logging consider setting the 'logging.level.web' property to 'DEBUG'
2026-06-10T15:41:43.253+09:00  INFO 17936 --- [tko11-lms] [restartedMain] .s.d.r.c.RepositoryConfigurationDelegate : Bootstrapping Spring Data JPA repositories in DEFAULT mode.
2026-06-10T15:41:43.395+09:00  INFO 17936 --- [tko11-lms] [restartedMain] .s.d.r.c.RepositoryConfigurationDelegate : Finished Spring Data repository scanning in 119 ms. Found 1 JPA repository interface.
2026-06-10T15:41:44.539+09:00  INFO 17936 --- [tko11-lms] [restartedMain] o.s.boot.tomcat.TomcatWebServer          : Tomcat initialized with port 8080 (http)
2026-06-10T15:41:44.574+09:00  INFO 17936 --- [tko11-lms] [restartedMain] o.apache.catalina.core.StandardService   : Starting service [Tomcat]
2026-06-10T15:41:44.576+09:00  INFO 17936 --- [tko11-lms] [restartedMain] o.apache.catalina.core.StandardEngine    : Starting Servlet engine: [Apache Tomcat/11.0.21]
2026-06-10T15:41:44.719+09:00  INFO 17936 --- [tko11-lms] [restartedMain] b.w.c.s.WebApplicationContextInitializer : Root WebApplicationContext: initialization completed in 3908 ms
2026-06-10T15:41:45.312+09:00  INFO 17936 --- [tko11-lms] [restartedMain] org.hibernate.orm.jpa                    : HHH008540: Processing PersistenceUnitInfo [name: default]
2026-06-10T15:41:45.715+09:00  INFO 17936 --- [tko11-lms] [restartedMain] org.hibernate.orm.core                   : HHH000001: Hibernate ORM core version 7.2.12.Final
2026-06-10T15:41:47.211+09:00  INFO 17936 --- [tko11-lms] [restartedMain] o.s.o.j.p.SpringPersistenceUnitInfo      : No LoadTimeWeaver setup: ignoring JPA class transformer
2026-06-10T15:41:47.307+09:00  INFO 17936 --- [tko11-lms] [restartedMain] com.zaxxer.hikari.HikariDataSource       : HikariPool-1 - Starting...
2026-06-10T15:41:48.275+09:00  INFO 17936 --- [tko11-lms] [restartedMain] com.zaxxer.hikari.pool.HikariPool        : HikariPool-1 - Added connection org.postgresql.jdbc.PgConnection@4f48186b
2026-06-10T15:41:48.279+09:00  INFO 17936 --- [tko11-lms] [restartedMain] com.zaxxer.hikari.HikariDataSource       : HikariPool-1 - Start completed.
2026-06-10T15:41:48.553+09:00  INFO 17936 --- [tko11-lms] [restartedMain] org.hibernate.orm.connections.pooling    : HHH10001005: Database info:
	Database JDBC URL [jdbc:postgresql://localhost:5432/bookdb]
	Database driver: PostgreSQL JDBC Driver
	Database dialect: PostgreSQLDialect
	Database version: 16.14
	Default catalog/schema: bookdb/public
	Autocommit mode: undefined/unknown
	Isolation level: READ_COMMITTED [default READ_COMMITTED]
	JDBC fetch size: none
	Pool: DataSourceConnectionProvider
	Minimum pool size: undefined/unknown
	Maximum pool size: undefined/unknown
2026-06-10T15:41:50.761+09:00  INFO 17936 --- [tko11-lms] [restartedMain] org.hibernate.orm.core                   : HHH000489: No JTA platform available (set 'hibernate.transaction.jta.platform' to enable JTA platform integration)
2026-06-10T15:41:51.092+09:00  INFO 17936 --- [tko11-lms] [restartedMain] j.LocalContainerEntityManagerFactoryBean : Initialized JPA EntityManagerFactory for persistence unit 'default'
2026-06-10T15:41:51.309+09:00  INFO 17936 --- [tko11-lms] [restartedMain] o.s.d.j.r.query.QueryEnhancerFactories   : Hibernate is in classpath; If applicable, HQL parser will be used.
2026-06-10T15:41:51.646+09:00  WARN 17936 --- [tko11-lms] [restartedMain] JpaBaseConfiguration$JpaWebConfiguration : spring.jpa.open-in-view is enabled by default. Therefore, database queries may be performed during view rendering. Explicitly configure spring.jpa.open-in-view to disable this warning
2026-06-10T15:41:52.753+09:00  INFO 17936 --- [tko11-lms] [restartedMain] o.s.boot.tomcat.TomcatWebServer          : Tomcat started on port 8080 (http) with context path '/'
2026-06-10T15:41:52.768+09:00  INFO 17936 --- [tko11-lms] [restartedMain] c.bold.application.tko11_lmsApplication  : Started tko11_lmsApplication in 13.131 seconds (process running for 15.682)
